[NbConvertApp] Converting notebook /home/t30/rab/ge48zus/paramest-nn/ParamEst-NN-main/notebooks/3-result.ipynb to notebook
Traceback (most recent call last):
  File "<frozen runpy>", line 198, in _run_module_as_main
  File "<frozen runpy>", line 88, in _run_code
  File "/space-nobackup/ge48zus/venvs/paramestnn/lib/python3.12/site-packages/nbconvert/__main__.py", line 5, in <module>
    main()
  File "/space-nobackup/ge48zus/venvs/paramestnn/lib/python3.12/site-packages/jupyter_core/application.py", line 284, in launch_instance
    super().launch_instance(argv=argv, **kwargs)
  File "/space-nobackup/ge48zus/venvs/paramestnn/lib/python3.12/site-packages/traitlets/config/application.py", line 1075, in launch_instance
    app.start()
  File "/space-nobackup/ge48zus/venvs/paramestnn/lib/python3.12/site-packages/nbconvert/nbconvertapp.py", line 420, in start
    self.convert_notebooks()
  File "/space-nobackup/ge48zus/venvs/paramestnn/lib/python3.12/site-packages/nbconvert/nbconvertapp.py", line 597, in convert_notebooks
    self.convert_single_notebook(notebook_filename)
  File "/space-nobackup/ge48zus/venvs/paramestnn/lib/python3.12/site-packages/nbconvert/nbconvertapp.py", line 563, in convert_single_notebook
    output, resources = self.export_single_notebook(
                        ^^^^^^^^^^^^^^^^^^^^^^^^^^^^
  File "/space-nobackup/ge48zus/venvs/paramestnn/lib/python3.12/site-packages/nbconvert/nbconvertapp.py", line 487, in export_single_notebook
    output, resources = self.exporter.from_filename(
                        ^^^^^^^^^^^^^^^^^^^^^^^^^^^^
  File "/space-nobackup/ge48zus/venvs/paramestnn/lib/python3.12/site-packages/nbconvert/exporters/exporter.py", line 201, in from_filename
    return self.from_file(f, resources=resources, **kw)
           ^^^^^^^^^^^^^^^^^^^^^^^^^^^^^^^^^^^^^^^^^^^^
  File "/space-nobackup/ge48zus/venvs/paramestnn/lib/python3.12/site-packages/nbconvert/exporters/exporter.py", line 220, in from_file
    return self.from_notebook_node(
           ^^^^^^^^^^^^^^^^^^^^^^^^
  File "/space-nobackup/ge48zus/venvs/paramestnn/lib/python3.12/site-packages/nbconvert/exporters/notebook.py", line 36, in from_notebook_node
    nb_copy, resources = super().from_notebook_node(nb, resources, **kw)
                         ^^^^^^^^^^^^^^^^^^^^^^^^^^^^^^^^^^^^^^^^^^^^^^^
  File "/space-nobackup/ge48zus/venvs/paramestnn/lib/python3.12/site-packages/nbconvert/exporters/exporter.py", line 154, in from_notebook_node
    nb_copy, resources = self._preprocess(nb_copy, resources)
                         ^^^^^^^^^^^^^^^^^^^^^^^^^^^^^^^^^^^^
  File "/space-nobackup/ge48zus/venvs/paramestnn/lib/python3.12/site-packages/nbconvert/exporters/exporter.py", line 353, in _preprocess
    nbc, resc = preprocessor(nbc, resc)
                ^^^^^^^^^^^^^^^^^^^^^^^
  File "/space-nobackup/ge48zus/venvs/paramestnn/lib/python3.12/site-packages/nbconvert/preprocessors/base.py", line 48, in __call__
    return self.preprocess(nb, resources)
           ^^^^^^^^^^^^^^^^^^^^^^^^^^^^^^
  File "/space-nobackup/ge48zus/venvs/paramestnn/lib/python3.12/site-packages/nbconvert/preprocessors/execute.py", line 103, in preprocess
    self.preprocess_cell(cell, resources, index)
  File "/space-nobackup/ge48zus/venvs/paramestnn/lib/python3.12/site-packages/nbconvert/preprocessors/execute.py", line 124, in preprocess_cell
    cell = self.execute_cell(cell, index, store_history=True)
           ^^^^^^^^^^^^^^^^^^^^^^^^^^^^^^^^^^^^^^^^^^^^^^^^^^
  File "/space-nobackup/ge48zus/venvs/paramestnn/lib/python3.12/site-packages/jupyter_core/utils/__init__.py", line 165, in wrapped
    return loop.run_until_complete(inner)
           ^^^^^^^^^^^^^^^^^^^^^^^^^^^^^^
  File "/usr/lib/python3.12/asyncio/base_events.py", line 687, in run_until_complete
    return future.result()
           ^^^^^^^^^^^^^^^
  File "/space-nobackup/ge48zus/venvs/paramestnn/lib/python3.12/site-packages/nbclient/client.py", line 1062, in async_execute_cell
    await self._check_raise_for_error(cell, cell_index, exec_reply)
  File "/space-nobackup/ge48zus/venvs/paramestnn/lib/python3.12/site-packages/nbclient/client.py", line 918, in _check_raise_for_error
    raise CellExecutionError.from_cell_and_msg(cell, exec_reply_content)
nbclient.exceptions.CellExecutionError: An error occurred while executing the following cell:
------------------
import math
import matplotlib.pyplot as plt
import numpy as np
import pandas as pd

model_name = "tls"
retrain = False
load_training_data = False

%run ./2-train.ipynb

------------------

----- stderr -----
/space-nobackup/ge48zus/venvs/paramestnn/lib/python3.12/site-packages/nbformat/__init__.py:96: MissingIDFieldWarning: Cell is missing an id field, this will become a hard error in future nbformat versions. You may want to use `normalize()` on your notebooks before validations (available since nbformat 5.1.4). Previous versions of nbformat are fixing this issue transparently, and will stop doing so in the future.
  validate(nb)
----- stdout -----
Using device: cpu
model_name=tls
Loaded checkpoint only, skipped dataset load: /home/t30/rab/ge48zus/paramest-nn/ParamEst-NN-main/data/models/tls/pole_residue_block_head_tls.pt
batch_size=1024, num_epochs=4, train_length_choices=[10, 15, 20, 30, 40, 50]
alpha_init_range=(0.1, 1.5), beta_init_range=(-5.0, 5.0)
target_mean = tensor([1.4544, 2.6108])
target_std  = tensor([0.8586, 1.3727])
----- stderr -----
/tmp/ipykernel_567311/4202206537.py:58: FutureWarning: You are using `torch.load` with `weights_only=False` (the current default value), which uses the default pickle module implicitly. It is possible to construct malicious pickle data which will execute arbitrary code during unpickling (See https://github.com/pytorch/pytorch/blob/main/SECURITY.md#untrusted-models for more details). In a future release, the default value for `weights_only` will be flipped to `True`. This limits the functions that could be executed during unpickling. Arbitrary objects will no longer be allowed to be loaded via this mode unless they are explicitly allowlisted by the user via `torch.serialization.add_safe_globals`. We recommend you start setting `weights_only=True` for any use case where you don't have full control of the loaded file. Please open an issue on GitHub for any issues related to this experimental feature.
  ckpt_for_load = torch.load(model_ckpt_path, map_location="cpu") if model_ckpt_path.exists() else None
----- stdout -----
beta_init range = (-5.0, 5.0)
feature_dim = 7
retrain = False
checkpoint = /home/t30/rab/ge48zus/paramest-nn/ParamEst-NN-main/data/models/tls/pole_residue_block_head_tls.pt
Loaded model checkpoint from /home/t30/rab/ge48zus/paramest-nn/ParamEst-NN-main/data/models/tls/pole_residue_block_head_tls.pt
------------------

[31m---------------------------------------------------------------------------[39m
[31mRuntimeError[39m                              Traceback (most recent call last)
[36mCell[39m[36m [39m[32mIn[1][39m[32m, line 10[39m
[32m      7[39m retrain = [38;5;28;01mFalse[39;00m
[32m      8[39m load_training_data = [38;5;28;01mFalse[39;00m
[32m---> [39m[32m10[39m [43mget_ipython[49m[43m([49m[43m)[49m[43m.[49m[43mrun_line_magic[49m[43m([49m[33;43m'[39;49m[33;43mrun[39;49m[33;43m'[39;49m[43m,[49m[43m [49m[33;43m'[39;49m[33;43m./2-train.ipynb[39;49m[33;43m'[39;49m[43m)[49m

[36mFile [39m[32m/space-nobackup/ge48zus/venvs/paramestnn/lib/python3.12/site-packages/IPython/core/interactiveshell.py:2532[39m, in [36mInteractiveShell.run_line_magic[39m[34m(self, magic_name, line, _stack_depth)[39m
[32m   2530[39m     kwargs[[33m'[39m[33mlocal_ns[39m[33m'[39m] = [38;5;28mself[39m.get_local_scope(stack_depth)
[32m   2531[39m [38;5;28;01mwith[39;00m [38;5;28mself[39m.builtin_trap:
[32m-> [39m[32m2532[39m     result = [43mfn[49m[43m([49m[43m*[49m[43margs[49m[43m,[49m[43m [49m[43m*[49m[43m*[49m[43mkwargs[49m[43m)[49m
[32m   2534[39m [38;5;66;03m# The code below prevents the output from being displayed[39;00m
[32m   2535[39m [38;5;66;03m# when using magics with decorator @output_can_be_silenced[39;00m
[32m   2536[39m [38;5;66;03m# when the last Python token in the expression is a ';'.[39;00m
[32m   2537[39m [38;5;28;01mif[39;00m [38;5;28mgetattr[39m(fn, magic.MAGIC_OUTPUT_CAN_BE_SILENCED, [38;5;28;01mFalse[39;00m):

[36mFile [39m[32m/space-nobackup/ge48zus/venvs/paramestnn/lib/python3.12/site-packages/IPython/core/magics/execution.py:750[39m, in [36mExecutionMagics.run[39m[34m(self, parameter_s, runner, file_finder)[39m
[32m    748[39m     [38;5;28;01mwith[39;00m preserve_keys([38;5;28mself[39m.shell.user_ns, [33m'[39m[33m__file__[39m[33m'[39m):
[32m    749[39m         [38;5;28mself[39m.shell.user_ns[[33m'[39m[33m__file__[39m[33m'[39m] = filename
[32m--> [39m[32m750[39m         [38;5;28;43mself[39;49m[43m.[49m[43mshell[49m[43m.[49m[43msafe_execfile_ipy[49m[43m([49m[43mfilename[49m[43m,[49m[43m [49m[43mraise_exceptions[49m[43m=[49m[38;5;28;43;01mTrue[39;49;00m[43m)[49m
[32m    751[39m     [38;5;28;01mreturn[39;00m
[32m    753[39m [38;5;66;03m# Control the response to exit() calls made by the script being run[39;00m

[36mFile [39m[32m/space-nobackup/ge48zus/venvs/paramestnn/lib/python3.12/site-packages/IPython/core/interactiveshell.py:3048[39m, in [36mInteractiveShell.safe_execfile_ipy[39m[34m(self, fname, shell_futures, raise_exceptions)[39m
[32m   3046[39m result = [38;5;28mself[39m.run_cell(cell, silent=[38;5;28;01mTrue[39;00m, shell_futures=shell_futures)
[32m   3047[39m [38;5;28;01mif[39;00m raise_exceptions:
[32m-> [39m[32m3048[39m     [43mresult[49m[43m.[49m[43mraise_error[49m[43m([49m[43m)[49m
[32m   3049[39m [38;5;28;01melif[39;00m [38;5;129;01mnot[39;00m result.success:
[32m   3050[39m     [38;5;28;01mbreak[39;00m

[36mFile [39m[32m/space-nobackup/ge48zus/venvs/paramestnn/lib/python3.12/site-packages/IPython/core/interactiveshell.py:329[39m, in [36mExecutionResult.raise_error[39m[34m(self)[39m
[32m    327[39m     [38;5;28;01mraise[39;00m [38;5;28mself[39m.error_before_exec
[32m    328[39m [38;5;28;01mif[39;00m [38;5;28mself[39m.error_in_exec [38;5;129;01mis[39;00m [38;5;129;01mnot[39;00m [38;5;28;01mNone[39;00m:
[32m--> [39m[32m329[39m     [38;5;28;01mraise[39;00m [38;5;28mself[39m.error_in_exec

    [31m[... skipping hidden 1 frame][39m

[36mFile [39m[32m/tmp/ipykernel_567311/3937934940.py:65[39m
[32m     62[39m         history[[33m"[39m[33mfinal_val_bands[39m[33m"[39m] = final_val_bands
[32m     64[39m alpha, beta = model.probe_parameters()
[32m---> [39m[32m65[39m W_eff, c_eff = [43mmodel[49m[43m.[49m[43mlinearparams[49m[43m([49m[43m)[49m
[32m     66[39m [38;5;28;01mif[39;00m history [38;5;129;01mis[39;00m [38;5;129;01mnot[39;00m [38;5;28;01mNone[39;00m [38;5;129;01mand[39;00m [33m"[39m[33mbest_val_std_mse[39m[33m"[39m [38;5;129;01min[39;00m history:
[32m     67[39m     [38;5;28mprint[39m([33mf[39m[33m"[39m[33mBest validation standardized MSE: [39m[38;5;132;01m{[39;00mhistory[[33m'[39m[33mbest_val_std_mse[39m[33m'[39m][38;5;132;01m:[39;00m[33m.6f[39m[38;5;132;01m}[39;00m[33m"[39m)

[36mFile [39m[32m/tmp/ipykernel_567311/2006410547.py:104[39m, in [36mLaplaceLinearEstimator.linearparams[39m[34m(self, theta_ref)[39m
[32m    101[39m     [38;5;28;01mraise[39;00m [38;5;167;01mValueError[39;00m([33m"[39m[33mlinearparams expects a single reference point.[39m[33m"[39m)
[32m    102[39m W = torch.zeros(([32m2[39m, [38;5;28mself[39m.in_dim), dtype=[38;5;28mself[39m.delta_coeff.dtype, device=[38;5;28mself[39m.delta_coeff.device)
[32m--> [39m[32m104[39m delta_dirs = [38;5;28;43mself[39;49m[43m.[49m[43mdeltadirs[49m[43m([49m[43mtheta_ref[49m[43m)[49m
[32m    105[39m W[[32m0[39m, : [38;5;28mself[39m.K] = [38;5;28mself[39m.delta_coeff * delta_dirs[:, [32m0[39m]
[32m    106[39m W[[32m0[39m, [38;5;28mself[39m.K : [32m2[39m * [38;5;28mself[39m.K] = [38;5;28mself[39m.delta_coeff * delta_dirs[:, [32m1[39m]

[36mFile [39m[32m/tmp/ipykernel_567311/2006410547.py:61[39m, in [36mLaplaceLinearEstimator.deltadirs[39m[34m(self, theta_ref)[39m
[32m     59[39m beta = [38;5;28mself[39m.feat.beta
[32m     60[39m q = [38;5;28mself[39m.omegadirs()
[32m---> [39m[32m61[39m g = [43mdtangent[49m[43m([49m[43malpha[49m[43m,[49m[43m [49m[43mbeta[49m[43m,[49m[43m [49m[43mtheta_ref[49m[43m)[49m
[32m     62[39m [38;5;28;01mif[39;00m g.ndim == [32m2[39m:
[32m     63[39m     proj = g - torch.sum(g * q, dim=[32m1[39m, keepdim=[38;5;28;01mTrue[39;00m) * q

[36mFile [39m[32m/tmp/ipykernel_567311/1331982006.py:64[39m, in [36mdtangent[39m[34m(alpha, beta, theta_ref)[39m
[32m     61[39m     theta_ref = theta_ref.unsqueeze([32m0[39m)
[32m     63[39m theta_ref = theta_ref.to(device=alpha.device, dtype=alpha.dtype)
[32m---> [39m[32m64[39m g = [43m_delta_tangent_autograd[49m[43m([49m[43malpha[49m[43m,[49m[43m [49m[43mbeta[49m[43m,[49m[43m [49m[43mtheta_ref[49m[43m)[49m
[32m     65[39m [38;5;28;01mif[39;00m [38;5;129;01mnot[39;00m torch.isfinite(g).all():
[32m     66[39m     [38;5;28;01mraise[39;00m [38;5;167;01mRuntimeError[39;00m([33m"[39m[33mNon-finite tangent values encountered in autograd path.[39m[33m"[39m)

[36mFile [39m[32m/tmp/ipykernel_567311/1331982006.py:32[39m, in [36m_delta_tangent_autograd[39m[34m(alpha, beta, theta_ref)[39m
[32m     29[39m     [38;5;28;01mreturn[39;00m torch.stack([torch.real(mu), torch.imag(mu)], dim=[32m1[39m)
[32m     31[39m [38;5;28;01mif[39;00m HAS_TORCH_FUNC:
[32m---> [39m[32m32[39m     jac = [43mvmap[49m[43m([49m[43mjacrev[49m[43m([49m[43m_mu_parts[49m[43m)[49m[43m)[49m[43m([49m[43mtheta_ref[49m[43m)[49m
[32m     33[39m     d_re_d_delta = jac[:, :, [32m0[39m, [32m0[39m]
[32m     34[39m     d_im_d_delta = jac[:, :, [32m1[39m, [32m0[39m]

[36mFile [39m[32m/space-nobackup/ge48zus/venvs/paramestnn/lib/python3.12/site-packages/torch/_functorch/apis.py:203[39m, in [36mvmap.<locals>.wrapped[39m[34m(*args, **kwargs)[39m
[32m    202[39m [38;5;28;01mdef[39;00m[38;5;250m [39m[34mwrapped[39m(*args, **kwargs):
[32m--> [39m[32m203[39m     [38;5;28;01mreturn[39;00m [43mvmap_impl[49m[43m([49m
[32m    204[39m [43m        [49m[43mfunc[49m[43m,[49m[43m [49m[43min_dims[49m[43m,[49m[43m [49m[43mout_dims[49m[43m,[49m[43m [49m[43mrandomness[49m[43m,[49m[43m [49m[43mchunk_size[49m[43m,[49m[43m [49m[43m*[49m[43margs[49m[43m,[49m[43m [49m[43m*[49m[43m*[49m[43mkwargs[49m
[32m    205[39m [43m    [49m[43m)[49m

[36mFile [39m[32m/space-nobackup/ge48zus/venvs/paramestnn/lib/python3.12/site-packages/torch/_functorch/vmap.py:331[39m, in [36mvmap_impl[39m[34m(func, in_dims, out_dims, randomness, chunk_size, *args, **kwargs)[39m
[32m    320[39m     [38;5;28;01mreturn[39;00m _chunked_vmap(
[32m    321[39m         func,
[32m    322[39m         flat_in_dims,
[32m   (...)[39m[32m    327[39m         **kwargs,
[32m    328[39m     )
[32m    330[39m [38;5;66;03m# If chunk_size is not specified.[39;00m
[32m--> [39m[32m331[39m [38;5;28;01mreturn[39;00m [43m_flat_vmap[49m[43m([49m
[32m    332[39m [43m    [49m[43mfunc[49m[43m,[49m
[32m    333[39m [43m    [49m[43mbatch_size[49m[43m,[49m
[32m    334[39m [43m    [49m[43mflat_in_dims[49m[43m,[49m
[32m    335[39m [43m    [49m[43mflat_args[49m[43m,[49m
[32m    336[39m [43m    [49m[43margs_spec[49m[43m,[49m
[32m    337[39m [43m    [49m[43mout_dims[49m[43m,[49m
[32m    338[39m [43m    [49m[43mrandomness[49m[43m,[49m
[32m    339[39m [43m    [49m[43m*[49m[43m*[49m[43mkwargs[49m[43m,[49m
[32m    340[39m [43m[49m[43m)[49m

[36mFile [39m[32m/space-nobackup/ge48zus/venvs/paramestnn/lib/python3.12/site-packages/torch/_functorch/vmap.py:479[39m, in [36m_flat_vmap[39m[34m(func, batch_size, flat_in_dims, flat_args, args_spec, out_dims, randomness, **kwargs)[39m
[32m    475[39m [38;5;28;01mwith[39;00m vmap_increment_nesting(batch_size, randomness) [38;5;28;01mas[39;00m vmap_level:
[32m    476[39m     batched_inputs = _create_batched_inputs(
[32m    477[39m         flat_in_dims, flat_args, vmap_level, args_spec
[32m    478[39m     )
[32m--> [39m[32m479[39m     batched_outputs = [43mfunc[49m[43m([49m[43m*[49m[43mbatched_inputs[49m[43m,[49m[43m [49m[43m*[49m[43m*[49m[43mkwargs[49m[43m)[49m
[32m    480[39m     [38;5;28;01mreturn[39;00m _unwrap_batched(batched_outputs, out_dims, vmap_level, batch_size, func)

[36mFile [39m[32m/space-nobackup/ge48zus/venvs/paramestnn/lib/python3.12/site-packages/torch/_functorch/eager_transforms.py:604[39m, in [36mjacrev.<locals>.wrapper_fn[39m[34m(*args)[39m
[32m    602[39m [38;5;28;01mdef[39;00m[38;5;250m [39m[34mwrapper_fn[39m(*args):
[32m    603[39m     error_if_complex([33m"[39m[33mjacrev[39m[33m"[39m, args, is_input=[38;5;28;01mTrue[39;00m)
[32m--> [39m[32m604[39m     vjp_out = [43m_vjp_with_argnums[49m[43m([49m[43mfunc[49m[43m,[49m[43m [49m[43m*[49m[43margs[49m[43m,[49m[43m [49m[43margnums[49m[43m=[49m[43margnums[49m[43m,[49m[43m [49m[43mhas_aux[49m[43m=[49m[43mhas_aux[49m[43m)[49m
[32m    605[39m     [38;5;28;01mif[39;00m has_aux:
[32m    606[39m         output, vjp_fn, aux = vjp_out

[36mFile [39m[32m/space-nobackup/ge48zus/venvs/paramestnn/lib/python3.12/site-packages/torch/_functorch/vmap.py:48[39m, in [36mdoesnt_support_saved_tensors_hooks.<locals>.fn[39m[34m(*args, **kwargs)[39m
[32m     45[39m [38;5;129m@functools[39m.wraps(f)
[32m     46[39m [38;5;28;01mdef[39;00m[38;5;250m [39m[34mfn[39m(*args, **kwargs):
[32m     47[39m     [38;5;28;01mwith[39;00m torch.autograd.graph.disable_saved_tensors_hooks(message):
[32m---> [39m[32m48[39m         [38;5;28;01mreturn[39;00m [43mf[49m[43m([49m[43m*[49m[43margs[49m[43m,[49m[43m [49m[43m*[49m[43m*[49m[43mkwargs[49m[43m)[49m

[36mFile [39m[32m/space-nobackup/ge48zus/venvs/paramestnn/lib/python3.12/site-packages/torch/_functorch/eager_transforms.py:399[39m, in [36m_vjp_with_argnums[39m[34m(func, argnums, has_aux, *primals)[39m
[32m    397[39m     diff_primals = _slice_argnums(primals, argnums, as_tuple=[38;5;28;01mFalse[39;00m)
[32m    398[39m     tree_map_(partial(_create_differentiable, level=level), diff_primals)
[32m--> [39m[32m399[39m primals_out = [43mfunc[49m[43m([49m[43m*[49m[43mprimals[49m[43m)[49m
[32m    401[39m [38;5;28;01mif[39;00m has_aux:
[32m    402[39m     [38;5;28;01mif[39;00m [38;5;129;01mnot[39;00m ([38;5;28misinstance[39m(primals_out, [38;5;28mtuple[39m) [38;5;129;01mand[39;00m [38;5;28mlen[39m(primals_out) == [32m2[39m):

[36mFile [39m[32m/tmp/ipykernel_567311/1331982006.py:28[39m, in [36m_delta_tangent_autograd.<locals>._mu_parts[39m[34m(theta_local)[39m
[32m     27[39m [38;5;28;01mdef[39;00m[38;5;250m [39m[34m_mu_parts[39m(theta_local):
[32m---> [39m[32m28[39m     mu = [43mmodelhead[49m[43m([49m[43mtheta_local[49m[43m,[49m[43m [49m[43ms[49m[43m)[49m
[32m     29[39m     [38;5;28;01mreturn[39;00m torch.stack([torch.real(mu), torch.imag(mu)], dim=[32m1[39m)

[36mFile [39m[32m/tmp/ipykernel_567311/1331982006.py:3[39m, in [36mmodelhead[39m[34m(theta, s, eps)[39m
[32m      1[39m [38;5;28;01mdef[39;00m[38;5;250m [39m[34mmodelhead[39m(theta, s, eps=EPS_W):
[32m      2[39m     [38;5;28;01mif[39;00m [33m"[39m[33mlaplace_transform_torch[39m[33m"[39m [38;5;129;01mnot[39;00m [38;5;129;01min[39;00m [38;5;28mglobals[39m():
[32m----> [39m[32m3[39m         [38;5;28;01mraise[39;00m [38;5;167;01mRuntimeError[39;00m([33m"[39m[33mDefine laplace_transform_torch(theta, s, eps=...) before running.[39m[33m"[39m)
[32m      5[39m     theta = theta.to(dtype=TRAIN_DTYPE)
[32m      6[39m     s = s.to(dtype=torch.complex64)

[31mRuntimeError[39m: Define laplace_transform_torch(theta, s, eps=...) before running.

